<?xml version="1.0" encoding="UTF-8"?>
<!-- Generated by org.testng.reporters.JUnitReportReporter -->
<testsuite hostname="LPDEV01" failures="0" tests="5" name="mainPackage.RunnerClass" time="1445.086" errors="0" timestamp="2024-07-02T15:54:46 IST" skipped="0">
  <testcase classname="mainPackage.RunnerClass" name="testMethod" time="281.073"/>
  <system-out/>
  <testcase classname="mainPackage.RunnerClass" name="testMethod" time="328.882"/>
  <system-out/>
  <testcase classname="mainPackage.RunnerClass" name="testMethod" time="270.441"/>
  <system-out/>
  <testcase classname="mainPackage.RunnerClass" name="testMethod" time="281.367"/>
  <system-out/>
  <testcase classname="mainPackage.RunnerClass" name="testMethod" time="283.323"/>
  <system-out/>
</testsuite> <!-- mainPackage.RunnerClass -->
