<?xml version="1.0" encoding="UTF-8"?>
<!-- Generated by org.testng.reporters.JUnitReportReporter -->
<testsuite hostname="azrsrv002" failures="0" tests="2" name="mainPackage.RunnerClass" time="861.060" errors="0" timestamp="2024-06-14T07:32:49 EDT" skipped="0">
  <testcase classname="mainPackage.RunnerClass" name="testMethod" time="802.984"/>
  <system-out/>
  <testcase classname="mainPackage.RunnerClass" name="testMethod" time="58.076"/>
  <system-out/>
</testsuite> <!-- mainPackage.RunnerClass -->
