<?xml version="1.0" encoding="UTF-8"?>
<!-- Generated by org.testng.reporters.JUnitReportReporter -->
<testsuite hostname="azrsrv002" failures="0" tests="1" name="mainPackage.RunnerClass" time="168.964" errors="0" timestamp="2024-05-20T03:51:44 EDT" skipped="0">
  <testcase classname="mainPackage.RunnerClass" name="testMethod" time="168.964"/>
  <system-out/>
</testsuite> <!-- mainPackage.RunnerClass -->
