<?xml version="1.0" encoding="UTF-8"?>
<!-- Generated by org.testng.reporters.JUnitReportReporter -->
<testsuite hostname="LPDEV01" failures="0" tests="1" name="mainPackage.RunnerClass" time="191.591" errors="0" timestamp="2024-07-01T16:39:25 IST" skipped="0">
  <testcase classname="mainPackage.RunnerClass" name="testMethod" time="191.591"/>
  <system-out/>
</testsuite> <!-- mainPackage.RunnerClass -->
