<?xml version="1.0" encoding="UTF-8"?>
<!-- Generated by org.testng.reporters.JUnitReportReporter -->
<testsuite hostname="azrsrv002" failures="0" tests="1" name="mainPackage.RunnerClass" time="255.109" errors="0" timestamp="2024-05-20T05:51:59 EDT" skipped="0">
  <testcase classname="mainPackage.RunnerClass" name="testMethod" time="255.109"/>
  <system-out/>
</testsuite> <!-- mainPackage.RunnerClass -->
