<?xml version="1.0" encoding="UTF-8"?>
<!-- Generated by org.testng.reporters.JUnitReportReporter -->
<testsuite hostname="LPDEV01" failures="0" tests="4" name="mainPackage.RunnerClass" time="828.133" errors="0" timestamp="2024-07-02T11:12:23 IST" skipped="0">
  <testcase classname="mainPackage.RunnerClass" name="testMethod" time="193.913"/>
  <system-out/>
  <testcase classname="mainPackage.RunnerClass" name="testMethod" time="247.468"/>
  <system-out/>
  <testcase classname="mainPackage.RunnerClass" name="testMethod" time="191.664"/>
  <system-out/>
  <testcase classname="mainPackage.RunnerClass" name="testMethod" time="195.088"/>
  <system-out/>
</testsuite> <!-- mainPackage.RunnerClass -->
