<?xml version="1.0" encoding="UTF-8"?>
<!-- Generated by org.testng.reporters.JUnitReportReporter -->
<testsuite hostname="azrsrv002" failures="0" tests="1" name="mainPackage.RunnerClass" time="297.573" errors="0" timestamp="2024-06-10T06:03:00 EDT" skipped="0">
  <testcase classname="mainPackage.RunnerClass" name="testMethod" time="297.573"/>
  <system-out/>
</testsuite> <!-- mainPackage.RunnerClass -->
