<?xml version="1.0" encoding="UTF-8"?>
<!-- Generated by org.testng.reporters.JUnitReportReporter -->
<testsuite hostname="azrsrv002" failures="0" tests="1" name="mainPackage.RunnerClass" time="172.656" errors="0" timestamp="2024-06-06T06:55:42 EDT" skipped="0">
  <testcase classname="mainPackage.RunnerClass" name="testMethod" time="172.656"/>
  <system-out/>
</testsuite> <!-- mainPackage.RunnerClass -->
