<?xml version="1.0" encoding="UTF-8"?>
<!-- Generated by org.testng.reporters.JUnitReportReporter -->
<testsuite hostname="azrsrv002" failures="0" tests="1" name="mainPackage.RunnerClass" time="165.054" errors="0" timestamp="2024-06-24T02:04:28 EDT" skipped="0">
  <testcase classname="mainPackage.RunnerClass" name="testMethod" time="165.054"/>
  <system-out/>
</testsuite> <!-- mainPackage.RunnerClass -->
