<?xml version="1.0" encoding="UTF-8"?>
<!-- Generated by org.testng.reporters.JUnitReportReporter -->
<testsuite hostname="azrsrv002" failures="0" tests="1" name="mainPackage.RunnerClass" time="231.775" errors="0" timestamp="2024-05-02T11:09:50 EDT" skipped="0">
  <testcase classname="mainPackage.RunnerClass" name="testMethod" time="231.775"/>
  <system-out/>
</testsuite> <!-- mainPackage.RunnerClass -->
