<?xml version="1.0" encoding="UTF-8"?>
<!-- Generated by org.testng.reporters.JUnitReportReporter -->
<testsuite hostname="azrsrv002" failures="0" tests="1" name="mainPackage.RunnerClass" time="183.174" errors="0" timestamp="2024-05-02T07:38:04 EDT" skipped="0">
  <testcase classname="mainPackage.RunnerClass" name="testMethod" time="183.174"/>
  <system-out/>
</testsuite> <!-- mainPackage.RunnerClass -->
