<?xml version="1.0" encoding="UTF-8"?>
<!-- Generated by org.testng.reporters.JUnitReportReporter -->
<testsuite hostname="azrsrv002" failures="0" tests="2" name="mainPackage.RunnerClass" time="87123.750" errors="0" timestamp="2024-05-16T05:44:16 EDT" skipped="0">
  <testcase classname="mainPackage.RunnerClass" name="testMethod" time="149.015"/>
  <system-out/>
  <testcase classname="mainPackage.RunnerClass" name="testMethod" time="86974.734"/>
  <system-out/>
</testsuite> <!-- mainPackage.RunnerClass -->
